<?xml version="1.0" encoding="UTF-8"?>
<!-- Generated by org.testng.reporters.JUnitXMLReporter -->
<testsuite ignored="0" hostname="DESKTOP-PTKFTJ5" failures="0" tests="4" name="Test" time="3.058" errors="0" timestamp="2021-08-26T15:41:52 IST">
  <testcase classname="UserApiAutomation.test_createUser" name="createUser" time="2.159"/>
  <testcase classname="UserApiAutomation.test_createUser" name="updateUser" time="0.362"/>
  <testcase classname="UserApiAutomation.test_createUser" name="getUser" time="0.217"/>
  <testcase classname="UserApiAutomation.test_createUser" name="deleteUser" time="0.27"/>
</testsuite> <!-- Test -->
