<?xml version="1.0" encoding="UTF-8"?>
<!-- Generated by org.testng.reporters.JUnitXMLReporter -->
<testsuite ignored="0" hostname="DESKTOP-PTKFTJ5" failures="0" tests="4" name="Test" time="6.862" errors="0" timestamp="2021-08-27T11:10:52 IST">
  <testcase classname="UserApiAutomation.TestUserApi" name="createUser" time="4.85"/>
  <testcase classname="UserApiAutomation.TestUserApi" name="updateUser" time="0.95"/>
  <testcase classname="UserApiAutomation.TestUserApi" name="getUser" time="0.486"/>
  <testcase classname="UserApiAutomation.TestUserApi" name="deleteUser" time="0.495"/>
</testsuite> <!-- Test -->
